sstonnat%%int ok%%bad i'taki%%feel(vai) wa%%3sg
it%%there a%%dur ipahpoyi%%tremble(vai) wa%%3sg
stam%%just oht%%source miistsis%%tree wa'si%%inchvblz wa%%3sg
@EOS@%%@EOS@
omoht%%source o'totama'pii%%be_important(vii) hp%%cn yi%%inpl
aahk%%might saw%%neg wa'tstoo%%lose(vti) hsi%%21conj
niit%%original i'powahsin%%language i%%nspec
@EOS@%%@EOS@
niit%%genuine i'powahsin%%language i%%nspec
niita'p%%really o'totama'pii%%be_important(vii) wa%%3sg
aahk%%might saw%%neg wa'tstoo%%lose(vti) hsi%%21conj
@EOS@%%@EOS@
iihp%%assoc ipo'to%%release(vta) otssp%%x>21sub wa%%3sg
aahk%%might a%%dur it%%there i'poyi%%speak(vai) o%%? hsi%%21conj
@EOS@%%@EOS@
pooka%%child iksi%%anpl
maat%%neg (m)att%%again ohp%%with a%%dur istawat%%raise(vta) aawa%%x>3sg
m%%3 aahk%%might a%%dur iitsi'poyi%%speak_blackfoot(vai) hsi%%3plconj aawa%%pro
@EOS@%%@EOS@
akaa%%prf niita'p%%really omatap%%start wa'tstoo%%lose(vti) 'p%%21 wa%%ansg
kit%%2 niit%%genuine i'powahsin%%language (i)nnoon%%pl yi%%insg
@EOS@%%@EOS@
anno%%dem hka%%invs
aahk%%might on%%immediate iiyika'kimatoo%%try_hard(vti) 'p%%21 wa%%ansg
aahk%%might saw%%neg wa'tstoo%%lose(vti) hsi%%21conj
@EOS@%%@EOS@
aahk%%might stam%%just oht%%source a%%dur yissitapii%%use_st(vai) o'pa%%21
@EOS@%%@EOS@
isskoohtsi%%long_ago ka%%?
a%%dur ikkam%%quickly sook%%suddenly sstonnat%%extremely sstoyi%%be_cold(vii) wa%%3sg
@EOS@%%@EOS@
ann%%dem yi%%insg ka%%ot
màat%%neg omaa%%yet it%%there a%%dur ihtsii%%exist(vii) wa%%3sg
paapo'sin%%electricity yi%%insg
@EOS@%%@EOS@
a%%dur ohkohtaa%%gather_firewood(vai) yi=aawa%%3pl=3plpro =aawa%%=3plpro
@EOS@%%@EOS@
a%%dur ikahksiststaki%%saw(vai) yi=aawa%%3pl=3plpro =aawa%%=3plpro
@EOS@%%@EOS@
matt%%again a%%dur ohpommaa%%buy(vai) wa%%3sg
sikoohkotok%%coal i%%nspec
@EOS@%%@EOS@
sstoyii%%be_cold(vii) si%%21conj
n%%1 ookoowa%%house innaan%%1pl yi%%insg
a%%dur ipann%%over_night iksistoyi%%be_warm(vii) wa%%3sg
@EOS@%%@EOS@
ii%%ic ik%%int oka'p%%bad itapiiyi%%bepersonvai hk%%hk
om%%dem wa%%ansg
ninaa%%man wa%%ansg
@EOS@%%@EOS@
om%%dem yi%%3'
omahk%%old (n)inaa%%man yi%%3'
ot%%33' waawa'k(imaa)%%hunt omo%%benvta ok%%inv ihk%%hk ayi%%3pro
iinii%%buffalo
@EOS@%%@EOS@
ki%%conj
maat%%neg a%%dur ika%%share ksiiy%%? o%%taben yii%%3>3' hk%%hk a%%ansg
om%%dem iksi%%pl
omahk%%old itapi%%person iksi%%pl
@EOS@%%@EOS@
ann%%dem yi%%3' ayi%%vrb
a%%dur im%%? isimi%%secretly oto%%gotodo oyiis(tot)o%%preparemealforvta yii%%3>3' hk%%hk
ot%%3poss itapi%%person m%%poss iksi%%pl
@EOS@%%@EOS@
anniyai%%dem
matt%%again iksistsiko%%day yi%%in hk%%hk
om%%dem wa%%ansg
omahk%%old (n)inaa%%man wa%%ansg
ii%%ic it%%there it%%then ohkoonimaa%%findvai yi%%? hk%%hk
@EOS@%%@EOS@
katoyis%%bloodclot yi%%np
om%%dem yi%%in
saokihtsi%%beprairievai
@EOS@%%@EOS@
ii%%ic it%%there waanist%%tellvta yii%%3>3' hk%%hk
om%%dem yi%%3'
w%%3poss ippitaam%%elderlywife
@EOS@%%@EOS@
m%%3 aahk%%nonfact iksistokomssaki%%heatwatervai ayi%%3pro
aohkii%%water
om%%dem yi%%3'
katoyis%%bloodclot yi%%3'
m%%3 aahk%%nonfact oht%%source sito%%?
koopskaan%%soup yi%%in
@EOS@%%@EOS@
ot%%3 (s)aakot(si)%%boilovervai hsi%%conj
om%%dem yi%%in
aohkii%%water
@EOS@%%@EOS@
ann%%dem wa%%ansg ya%%postinf ao'ka%%vx
k%%k
@EOS@%%@EOS@
ot%%3 a%%dur itsiniko%%relatestorytovta i%%3'>3 hsi%%conj
om%%dem iksi%%pl
omahk%%old itapi%%people iksi%%pl
@EOS@%%@EOS@
m%%3 aanist%%manner oksistoto%%abusevta yii%%3'>3 hp%%conjnom i%%in
om%%dem yi%%3'
w%%3poss oiss(im)%%sil oaawa%%3plposs yi%%3'
@EOS@%%@EOS@
ot%%3 a%%dur ikamotsiipi%%bringtosafetyvta a%%dir hsi%%conj
om%%dem iksi%%anpl
omahk%%old itapi%%person iksi%%anpl
@EOS@%%@EOS@
k%%k
ii%%ic it%%there omoht%%source ap%%? a'p%%around a%%dur waawahka%%walk atoo%%ti m%%th ihk%%hk
anno%%dem
kit%%2poss awahsin%%territory nnoon%%21poss yi%%in
@EOS@%%@EOS@
ot%%3 a%%dur iksist%%finish a'pii%%ai hsi%%conj
k%%k
@EOS@%%@EOS@
kit%%2poss iihkawa%%relative nnoon%%21poss wa%%ansg
maat%%neg att%%again ai's%%? i'taki%%ai wa%%ansg
@EOS@%%@EOS@
omaahkaa%%travelbyhorsevai i%%conn stam%%just it%%there a'p%%around a%%dur waawahka%%walkvai n%%nom yi%%in
anno%%dem
ksaahko%%land yi%%in
@EOS@%%@EOS@
anno%%dem ma%%stat o'ka%%vrb
ksaahko%%land yi%%in
iihtsipaitapiiyio'pa%%creator
ii%%ic ohkot%%givevta ok%%inv i%%21 wa%%ansg
@EOS@%%@EOS@
k%%k
annohk%%now
ii%%ic it%%there a%%dur yo'kaa%%sleepvai ihk%%hk
om%%dem istsi%%pl
katoyissiksi%%sweetpinehills
@EOS@%%@EOS@
o%%o
n%%1 inn%%father innaan%%1pl wa%%3sg
spohtsim%%heaven
kit%%2 it%%there a%%dur opii%%sit(vii)
@EOS@%%@EOS@
naato%%holy a'pii%%be(vii) s%%2sg>3imp
kit%%2 inihka'simi%%benamed
@EOS@%%@EOS@
kit%%2 ninaa%%chief yi%%be hsin%%nom yi%%insg
poohsap%%tospkr oo%%go s%%2sg>3imp
@EOS@%%@EOS@
kot%%give(vta) (o)k%%inv innaan%%1pl
anno%%dem hka%%rel
ksiistsiko%%day yi%%insg hka%%rel
nit%%1 owahsin%%food innaan%%1pl istsi%%inpl
@EOS@%%@EOS@
ki%%and
miin%%neg ohto%%close itskaa%%lookat t%%2sgimp
n(i)%%1 saommit%%crooked itapi%%person yi%%be hsin%%nom innaan%%1pl istsi%%inpl
@EOS@%%@EOS@
akaa%%of^old piikani%%piegan wa%%ansg
om%%dem yi%%insg ma%%stat
ot%%3 it%%there isam%%long^time okonnayi%%camp(ai) hp%%cn yi%%insg
ipakiyihksstsi%%move^from(vti) m%%ti3/3'th wa%%3
@EOS@%%@EOS@
om%%dem wa%%ansg
kipita%%old aakii%%woman wa%%ansg
niita'p%%really iik%%int ippita%%old aakii%%woman wa%%ansg
ot%%3 i%%pst onnohkatsimm%%find^burdensome(vta) ok%%inv wa%%3'>3
w%%3 oko's%%offspring iksi%%3pl
@EOS@%%@EOS@
ot%%3 sotam%%just itskit%%leave(vta) ok%%inv wa=aiksi%%3=3plpro =aiksi%%=3plpro
@EOS@%%@EOS@
noohk%%but it%%then ipowaoo%%arise(vai) wa%%3
@EOS@%%@EOS@
iiht%%source sapoo%%follow(vti) wa%%3sg
om%%dem yi%%insg hka%%invs
pototsko%%trail yi%%insg
@EOS@%%@EOS@
a'%%inc isistsikoo%%tire(vai) 's%%conj yi%%conj
it%%then ya%%dur waawai'skapi%%crawl(vai) wa%%3sg
w%%3 o'tsis%%hand istsi%%3plin
ki%%and
w%%3 ottoksis%%knee iksi%%3pl
@EOS@%%@EOS@
om%%dem wa%%ansg
sowoo%%war^party wa%%ansg
mamma'pis%%tipi^ring istsi%%inpl
it%%then it%%there o'too%%arrive(vai) wa%%3sg
@EOS@%%@EOS@
sotam%%just ohkatt%%also oht%%source sapoo%%follow(vti) yi=aawa%%3pl=plpro =aawa%%=plpro
om%%dem yi%%insg hka%%invs
pototsko%%trail yi%%insg
@EOS@%%@EOS@
om%%dem wa%%ansg
soyiipihtsi%%leader wa%%ansg
a'%%inc waanist%%tell(vta) yii%%dir wa%%3>3'
amo%%dem iksi%%3pl
ot%%3 iihkiwa%%companion iksi%%3pl
aahk%%might ikkam%%fast oo%%go(vai) o'pa%%21
ya%%dur wawaatts%%move inaamm%%appear(vai) wa%%3
om%%dem wa%%ansg hka%%invs
@EOS@%%@EOS@
ya%%dur waawai'skapi%%crawl(vai) yini%%3'
@EOS@%%@EOS@
a'%%inc waanist%%tell(vta) yii%%dir yi=aawa=ayi%%3pl=3plpro=dtpsg(3pl>3'sg) =ayi%%=dtpsg(3pl>3'sg)
@EOS@%%@EOS@
tamayikinihka'saa%%poor^thingvoc
tsimahtawa%%where
noohk%%might ya%%dur itapoo%%go^to(vai) wahtaotsi%%3unreal
@EOS@%%@EOS@
ot%%3 waanist%%tell(vta) ok%%inv wa=ayi%%3=dtpsg(3'>3) =ayi%%=dtpsg(3'>3)
@EOS@%%@EOS@
n%%1 oko's%%offspring iksi%%3pl
nit%%1 itskit%%leave(vta) ok%%inv yi%%3pl
@EOS@%%@EOS@
a'%%inc waanist%%tell(vta) yii%%dir wa%%3>3'
amo%%dem iksi%%3pl
ot%%3 ohpokoom%%companion iksi%%3pl
@EOS@%%@EOS@
aahk%%unreal it%%there o'tsipi%%transport(vta) aa%%dir wa%%21>3
moyis%%lodge istsi%%3inpl
@EOS@%%@EOS@
it%%there o'tsipi%%bring(vta) aa%%dir wa=ayi%%3=dtpsg =ayi%%=dtpsg
moyis%%lodge istsi%%3inpl
@EOS@%%@EOS@
ot%%3 waanist%%tell(vta) ok%%inv wa=ayi%%3=dtpsg(3'>3) =ayi%%=dtpsg(3'>3)
om%%dem wa%%3
soyipihtsi%%leader wa%%3
@EOS@%%@EOS@
n%%1 ohko%%son yii%%voc
nit%%1 ippita%%old aakii%%woman hsin%%nom yi%%insg
kit%%2 ohkot%%give(vta) o%%1>2
@EOS@%%@EOS@
ki%%and
i'nimm%%be^with^at^the^death^of(vta) yii%%dir yi%%3pl aawa=ayi%%3'=dtpsg(3pl>3') =ayi%%=dtpsg(3pl>3')
@EOS@%%@EOS@
ki%%and ann%%dem yi%%insg ma=ayi%%stat=dtpsg =ayi%%=dtpsg
iihkakotsi%%cease^boiling(ii) wa%%insg
@EOS@%%@EOS@
ayo%%calling
iiht%%source ipaitapiiyi%%to_live(vai) o'pi%%21
@EOS@%%@EOS@
sspommo%%help(vta) s%%2sg>3imp yi%%pl
nit%%1 omohpapiyihp%%relative(nad) innaan%%1pl iksi%%anpl
@EOS@%%@EOS@
noohk%%please a%%dur okamo't%%straight ipo'tsi%%let_go(vti) t%%2sgimp
n%%1 omoht%%source a%%dur waawahkaa%%walk(vai) hp%%cn innaan%%1pl yi%%insg
@EOS@%%@EOS@
n%%1 aahk%%might ssaw%%neg oohk%%contrary oht%%source a%%dur yissini%%affect(vta) ootsspinnaana%%xsubj>1pl
mak%%bad a'pii%%be(vii) yi%%insg
@EOS@%%@EOS@
n%%1 aahk%%might a%%dur ikamotaa%%escape(vai) hp%%th innaana%%1pl
@EOS@%%@EOS@
aahk%%might ssaw%%neg a%%dur ohkoiikii%%matter(vii) yi%%pl
n%%1 ooko(wa)%%home(nid) innaan%%1pl istsi%%inpl
@EOS@%%@EOS@
n%%1 aahk%%might noohk%%counter_expect a%%dur ihtawa'pssi%%be_lucky(vai) hp%%th innaana%%1pl
@EOS@%%@EOS@
a%%dur waatoy%%bless istotsi%%become_involved_in(vti) t%%2sgimp
nit%%1 yaak%%fut oowatoo%%eat(vti) 'p%%cn innaan%%1pl istsi%%inpl
@EOS@%%@EOS@
n%%1 aahk%%might a%%dur i'taam%%happy issk%%back o'too%%arrive(vai) hpinnaana%%1pl
a'p%%inch a%%dur omaahkaa%%travel_by_means(vai) innaaniki%%1plsbjnct
@EOS@%%@EOS@
sspommoo%%help(vta) s%%2sg>3imp
kana%%all itapi%%person wa%%3sg
@EOS@%%@EOS@
n%%1 aahk%%might sok%%good istawatsimaa%%raise(vai) hpinnaana%%1pl
@EOS@%%@EOS@
n%%1 aahk%%might isam%%long ipaitapiiyi%%live(vai) hpinnaana%%1pl
@EOS@%%@EOS@
nit%%1 yaak%%fut oht%%source itsiniki%%tell(vai)
omahk%%big isttsiiksiinaa%%snake iksi%%anpl
@EOS@%%@EOS@
nit%%1 iik%%int oht%%source aka%%many yaapi%%see(vai) yi=aawa%%3pl=pro =aawa%%=pro
@EOS@%%@EOS@
n%%1 inn%%father wa%%3sg
iik%%int oht%%source aka%%many i’nikki%%make_a_kill(vai) wa=aiksi%%3sg=pro =aiksi%%=pro
am%%dem yi%%insg
pinaap%%east oohtsi%%location
@EOS@%%@EOS@
ki%%and
am%%dem yi%%insg
piksiiksiina%%snake kaawahko%%coulee yi%%insg
@EOS@%%@EOS@
amo%%dem hka%%invs
it%%then i’nit%%kill(vta) yii%%dir wa%%3sg
ann%%dem yi%%3' hka%%invs ayi%%vblz
omahka%%whole omahkimi%%be_big(vai) yini%%3'sg
@EOS@%%@EOS@
it%%then i’yinn%%skin(vta) yii%%dir wa=ayi%%3sg=pro =ayi%%=pro
@EOS@%%@EOS@
ki%%and
it%%then itohkit%%on saipsst%%stretch&stake_hide(vta) a%%tath yii%%dir wa=ayi%%3sg=pro =ayi%%=pro
am%%dem yi%%3' ayi%%vblz
apaksisttohksiksis%%board wa%%3sg
@EOS@%%@EOS@
ayaak%%immfut ohkot%%give_to(vta) yii%%dir wa=ayi%%3sg=pro =ayi%%=pro
ann%%dem yi%%3' hka%%invs ayi%%vblz
naapiikoan%%white_man ø%%be yini%%3'
@EOS@%%@EOS@
ii%%pst ohkitopii%%ride_on_horseback(vai) wa%%3sg
ot%%3 a%%dur itap%%toward omaahkaa%%travel_by_means(vai) n%%nom yi%%insg
@EOS@%%@EOS@
am%%dem yi%%3'
naapiikoan%%white_man yi%%3'
ookoowa%%house yi%%insg
@EOS@%%@EOS@
maat%%neg ohkoono%%find(vta) yii%%dir wa%%3sg aatsi%%nonaffirm
am%%dem yi%%3'
motokis%%skin yi%%3'
@EOS@%%@EOS@
am%%dem wa%%3sg
omahk%%big isttsiiksiinaa%%snake wa%%3sg
a’%%inch inap%%sense i’taki%%feel(vai) si%%3sgsbjnct
@EOS@%%@EOS@
omahk%%big isttsiiksiinaa%%snake iksi%%anpl
iik%%int i’sskaana’pssi%%be_dangerous(vai) yi%%3pl
@EOS@%%@EOS@
ki%%and ann%%dem wa%%3sg yi%%be
n%%1 aanist%%manner oht%%source itsiniki%%tell_story(vai)
omahk%%big isttsiiksiinaa%%snake iksi%%anpl
@EOS@%%@EOS@
iik%%int waakkawoo%%be_many(vii) yi%%3pl
ot%%3 istotsi%%become_involved_in(vti) 'p%%cn istsi%%inpl
@EOS@%%@EOS@
iik%%int i'nakstssi%%be_young(vai) mm%%3mm wa%%3sg
ot%%3sg a'%%inch omatap%%start a'po'taki%%work(vai) hs%%conj yi%%conj
@EOS@%%@EOS@
iik%%int sskonata'pssi%%be_industrious(vai) wa%%3sg
@EOS@%%@EOS@
n%%1 aanist%%manner ssksino%%know(vta) a%%dir wa%%3sgobj
m%%3 aahk%%may aisskahs%%always a'po'taki%%work(vai) hs%%conj yi%%conj
@EOS@%%@EOS@
nit%%1 aisskahs%%always a%%dur ohko%%have_the_wherewithal ooyi'ko%%provide_food_for(vta) ok%%inv innaan%%1pl wa%%3sg
@EOS@%%@EOS@
anni%%dem i%%ot
kaisskoohtsik%%longago wa%%3sg
niita'p%%truly iiyikoo%%behard(vii) wa%%3sg
@EOS@%%@EOS@
nit%%1 ssksino%%know(vta) a%%dir wa%%3sg
ot%%3 sska'%%int ii%%pst sopoya'pssi%%bemeticulous(vai) hs%%conj yi%%conj
@EOS@%%@EOS@
nit%%1 it%%there yiikano%%resemble(vta) a%%dir innaan%%1pl wa%%3sg
@EOS@%%@EOS@
nit%%1 it%%then ssksinima'tsi%%teach(vta) ok%%inv innaan%%1pl wa%%3sg
n%%1 aahk%%might a%%dur iksikki'tsi%%care_for(vti) hs%%conj innaan%%1pl yi%%conj
n%%1 itsstakssin%%possession* innaan%%1pl istsi%%inpl
@EOS@%%@EOS@
w%%3sg iisto%%pers yi%%3'
i'tsini%%everything iksikki'tsi%%take_care_of(vti) m%%tith wa%%3sg
@EOS@%%@EOS@
yaak%%fut it%%then itstsii%%be(vii) 'pai%%xpast o'too%%arrive(vai) ii%%?? yi%%3pl?
yaak%%fut yiiso%%feed(vta) ii%%dir wa=aiksi%%3sg=proanpl =aiksi%%=proanpl
@EOS@%%@EOS@
aanist%%manner a'pssi%%be(vai) wa%%3sg
a%%dur sok%%good itsiniki%%tell_a_story(vai) wa%%3sg
@EOS@%%@EOS@
iistotsi%%pastbe_good_at(vti) m%%tith wa%%3sg
aka%%olden itapiiyi%%people yi%%3'
ot%%3 a%%dur istotsi%%be_good_at(vti) hp%%cn yi%%insg
@EOS@%%@EOS@
yaak%%fut it%%then itap%%toward oo%%go(vai) wa%%3sg
n%%1 iksissts%%mother yi%%3'
o%%3 ksissts%%mother yi%%3'
@EOS@%%@EOS@
a%%dur sstoyisat%%be_shy_around(vta) tsiiyi=yaawa%%recip(ai)=plpro =yaawa%%=plpro
@EOS@%%@EOS@
si'kaan%%blanket yi%%insg
yaak%%fut it%%then soksisstoo%%hang(vti) akio%%?? 'p%%x wa%%3sg
@EOS@%%@EOS@
maat%%neg yaak%%fut a%%dur ssamm%%lookat(vta) ootsiiyi=(w)aiksi=aawa%%recip(ai)=dtpanpl=plpro =aawa%%=plpro
@EOS@%%@EOS@
maat%%neg a%%dur sitsipssat%%talk_to(vta) ootsiiyi=(w)aiksa=aawa%%recip(ai)=dtpanpl=plpro =aawa%%=plpro
@EOS@%%@EOS@
iik%%int inii'pokaa%%be_spoiled(vai) wa%%3sg
@EOS@%%@EOS@
ot%%3 saaki%%still a%%dur i'nakstssi%%be_young(vai) hs%%conj yi%%conj
it%%then (w)ayak%%both i'ni=aiksi%%die(vai)=3plpro =aiksi%%=3plpro
@EOS@%%@EOS@
aisooka%%formerly waanii%%say(vai) wa%%3sg
nit%%1 it%%then immaksi'ni%%become_orphaned_at_young_age(vai)
@EOS@%%@EOS@
it%%then oto%%go aissksinima'tsaa%%student(nan) ø%%be(formsvai) wa%%3sg
@EOS@%%@EOS@
iiht%%source saksi%%leave(vai) wa%%3sg
niookska%%three isskskoi'p%%place_in_sequence(nin) yi%%insg
@EOS@%%@EOS@
ann%%dem yi%%insg ma%%stat yi%%be
nit%%1 yaak%%fut ika'%%for_now ohko%%have_the_wherewithal_for itsinikat%%tell_story_about(vta) a%%dir wa%%3s
@EOS@%%@EOS@
oki%%well
anno%%dem hka%%invs
anist%%manner a'pii%%be(vii) wa%%3sg
august%%august
2008%%2008
@EOS@%%@EOS@
nit%%1 yaak%%fut oht%%source i'poyi%%talk(vai)
n%%1 inn%%father wa%%ansg
aka%%many ohkitopii%%ride_on_horseback(vai) wa%%3sg
@EOS@%%@EOS@
w%%3 inn%%father yi%%3'sg
waanist%%tell(vta) aayini%%x>3'sg
ipii%%far a%%dur iksspito%%shoot_in_head(vta) a%%dir yi%%3'sg
@EOS@%%@EOS@
ot%%3 ohkiimaan%%wife wa%%3'sg
issit%%wrapped_like_a_baby aakii%%woman
@EOS@%%@EOS@
w%%3 oko's%%child iksi%%anpl
iik%%int waaka%%many itapii%%be_person(vai) yi%%3pl
@EOS@%%@EOS@
n%%1 iisto%%pers wa%%ansg
ikkinna%%gentle inihki%%sing(vai)
nit%%1 it%%then ohkana%%all omahksim%%be_older_than(vta) a%%dir yi=aawa%%pl=pro =aawa%%=pro
@EOS@%%@EOS@
n%%1 inn%%father wa%%ansg
iik%%int yaahs%%kind itapii%%be¬_person(vai) wa%%3sg
@EOS@%%@EOS@
iika%%perf ikimm%%be_kind_to(vta) yii%%dir wa%%3sg>3'pl
matapi%%person iksi%%anpl
@EOS@%%@EOS@
i'tsini%%everything ikimm%%be_kind_to(vta) yii%%dir wa%%3sg>3'pl
@EOS@%%@EOS@
matt%%again a%%dur sska'%%int ikimm%%be_kind_to(vta) yii%%dir wa%%3sg>3'pl
w%%3 ota's%%horse iksi%%anpl
@EOS@%%@EOS@
aisskahs%%always a'p%%pref a%%dur o'taki%%work(vai) wa%%3sg
@EOS@%%@EOS@
iik%%int iiyiko%%be_hard(vii) wayi%%3sgpro
@EOS@%%@EOS@
a%%dur ohkitopii%%ride_on_horseback(vai) wa%%3sg
@EOS@%%@EOS@
n%%1 aaahs%%grandmother wa%%3sg
a%%dur ikaa%%perf it%%then a%%dur yoohkimaa%%wait(vai) wa%%3sg
aahkiaap%%homeward oohtsi%%direction
@EOS@%%@EOS@
it%%then a%%dur omatap%%start yiitsittsimaa%%cut_meat_for_drying(vai) wa%%3sg
@EOS@%%@EOS@
n%%1 aaahs%%grandmother wa%%3sg
nit%%1 a%%dur it%%then aka%%many ohkayiis%%dried_meat im%%poss sko%%? ok%%th? innaana%%1pl
@EOS@%%@EOS@
n%%1 inn%%father wa%%3sg
it%%then ipokaawa'si%%be_born(vai) wa%%3sg
1910%%1910
it%%then i'ni%%die(vai) wa%%3sg
1971%%1971
@EOS@%%@EOS@
n%%1 inn%%father a%%3sg
ki%%and
n%%1 iksisst%%mother wa%%3sg
niisiikopoto%%fourteen iitapii%%be_person(vai) yi%%pl
w%%3 oko's%%offspring oaawa%%3pl iksi%%anpl
@EOS@%%@EOS@
nit%%1 iik%%int a%%dur yaahs%%enjoy oowato%%eat(vti) 'pinnaan%%1pl yi%%inpl
ot%%3 niita'p%%real ihkiitaan%%cooking istsi%%inpl
@EOS@%%@EOS@
nit%%1 niit%%really omi%%still a%%dur yoohtoow%%hear(vta) a%%dir innaan%%1pl wa%%3sgobj
amoo%%dem hka%%invs
a%%dur waasai'ni%%cry(vai) wa%%3sg hka%%invs
@EOS@%%@EOS@
nit%%1 it%%there ipii%%enter(vai) hpinnaana%%1pl
@EOS@%%@EOS@
ann%%dem yi%%insg yi%%vblz
aapinakos%%tomorrow yi%%insg
n%%1 inn%%father wa%%3sg
nit%%1 it%%then sopowahtsi'sat%%inquire(vta) ok%%inv wa%%3sg
@EOS@%%@EOS@
yaak%%fut ohkana%%all naato%%sacred a'pistoto%%make(vta) aayi=aawa%%x>3pl=3plpro =aawa%%=3plpro
anno%%dem
ksistsiko%%day yi%%insg
@EOS@%%@EOS@
it%%there ino%%see(vta) oohsi%%refl wa%%3sg
maat%%neg yook%%typical sok%%good istotoohsi%%beclothed(vai) wa%%3sg
@EOS@%%@EOS@
ann%%dem wa%%ansg
aakii%%woman wa%%ansg
it%%there ohkona%%all ssamm%%look(vta) yiiwa%%3sg>3'
@EOS@%%@EOS@
it%%there oto%%goto sspisao'to%%pick(vta) yiiwa=ayi%%3sg>3'=3'sgpro =ayi%%=3'sgpro
@EOS@%%@EOS@
iik%%int sstat%%fine inaattsi%%appear(vii) wa%%3sg
ot%%3poss immoyi%%hairy isttsomo'kaan%%hat yi%%insg
@EOS@%%@EOS@
iik%%int sstaa%%want(vai) wa%%3sg
m%%3 aahk%%nfact ohko%%havefor ohkiimi%%havewife hsi%%conj
@EOS@%%@EOS@
it%%there waanist%%tell(vta) yiiwa%%3sg>3'
ann%%dem iksi%%plan
miin%%neg matt%%other ohtsikii%%care(vai) k%%2plimp
@EOS@%%@EOS@
maat%%neg ohko%%havefor sspiisao'to%%pick(vai) aawa%%x>3sg
@EOS@%%@EOS@
isskoohtsik%%past wa%%ansg
a%%dur ohkana%%all iitsi'poyi%%speak_bkft(vai) o'pa%%21
@EOS@%%@EOS@
n%%1 inn%%father wa%%3sg
ki%%and
n%%1 iksisst%%mother wa%%3sg
a%%dur sopowatsistotoohsi%%prepare_oneself(vai) yi=aawa%%3pl=3plpro =aawa%%=3plpro
saw%%neg oma%%yet sstoyii%%be_cold(vii) isi%%3plsbjv
@EOS@%%@EOS@
om%%dem yi%%3'
isstohkana%%most i'nakstssi%%beyoungvai m%%nom
w%%3poss itan%%daughter oaawa%%3plposs yi%%3'
@EOS@%%@EOS@
matt%%again it%%then a%%dur ikamotsiipi%%bringtosafetyvta yii%%3>3' hk%%hk
anno%%dem
kit%%2poss iihkawa%%relative innoon%%21poss
@EOS@%%@EOS@
noohk%%please aanist%%manner o'tsi%%take t%%2sgimp
anno%%dem ma%%stat
spohtsim%%heaven
w%%3 aanists%%how yi%%be hp%%nom yi%%insg
@EOS@%%@EOS@
ki%%and issoohtsi%%ahead hka%%rel
it%%there inii%%see(vti) mm%%th yi=aawa%%3pl=plpro =aawa%%=plpro
om%%dem yi%%insg hka%%rel
siksinaattsi%%black(ii) wa%%insg
@EOS@%%@EOS@
aahk%%unreal a%%dur waahto%%each simaatam%%carry^on^back(vta) aa%%dir wa%%21>3
@EOS@%%@EOS@
ot%%3 a’%%inch ihkssoyi%%dry(vai) his%%3sgconj ayi%%3sgpro
it%%then omoon%%roll_up(vta) yii%%dir wa=ayi%%3sg=3sgpro =ayi%%=3sgpro
@EOS@%%@EOS@
aisskahs%%always a'po'taki%%work(vai) wa%%3sg
@EOS@%%@EOS@
n%%1 inn%%father wa%%3sg
ot%%3 iik%%int a%%dur iksimatsimm%%appreciate(vta) ok%%inv wa%%3'>3
matapi%%person iksi%%anpl
@EOS@%%@EOS@
w%%3 iksisst%%mother yi%%3'sg
waanist%%tell(vta) aayini%%x>3'sg
saommit%%variable ikkana%%glitter(vai) yi%%3'sg
@EOS@%%@EOS@
it%%then itapiiyi%%live(vai) wa%%3sg
ot%%3sg it%%then sa%%neg oma%%yet it%%there a%%dur ihtsii%%be(vii) hp%%cn yi%%insg
paapo'sin%%electricity yi%%insg
@EOS@%%@EOS@