sstonnat%%INT ok%%bad i'taki%%feel(VAI) wa%%3SG
it%%LOC a%%DUR ipahpoyi%%tremble(VAI) wa%%3SG
stam%%just oht%%OBL míístsis%%tree wa'si%%INCHVBLZ wa%%3SG
@EOS@%%@EOS@
Omoht%%INSTR o'totama'pii%%be_important(VII) hp%%CN yi%%INPL
aahk%%might saw%%NEG wa'tstoo%%lose(VTI) hsi%%21CONJ
niit%%original i'powahsin%%language i%%NSPEC
@EOS@%%@EOS@
Niit%%Genuine i'powahsin%%language i%%NSPEC
niita'p%%really o'totama'pii%%be_important(VII) wa%%SG
aahk%%might saw%%NEG wa'tstoo%%lose(VTI) hsi%%21CONJ
@EOS@%%@EOS@
Iihp%%ASSOC ipo'to%%release(VTA) otssp%%x>21SUB wa%%SG
aahk%%might a%%DUR iit%%there i'poyi%%speak(VAI) o%%? hsi%%21CONJ
@EOS@%%@EOS@
Pooka%%Child iksi%%ANPL
maat%%NEG (m)att%%again ohp%%with a%%DUR istawat%%raise(VTA) aawa%%x>3SG
m%%3 aahk%%might a%%DUR iitsi'poyi%%speak_Blackfoot(VAI) hsi%%3PL:CONJ aawa%%PRO
@EOS@%%@EOS@
Akaa%%PRF niita'p%%really omatap%%start wa'tstoo%%lose(VTI) 'p%%21 wa%%SGOBJ
kit%%2 niit%%genuine i'powahsin%%language (i)nnoon%%PL yi%%INSG
@EOS@%%@EOS@
Anno%%DEM hka%%invs
aahk%%might on%%immediate iiyika'kimatoo%%try_hard(VTI) 'p%%21 wa%%SGOBJ
aahk%%might saw%%NEG wa'tstoo%%lose(VTI) hsi%%21CONJ
@EOS@%%@EOS@
Aahk%%Might stam%%just oht%%INSTR a%%DUR yissitapii%%use_st(VAI) o'pa%%21
@EOS@%%@EOS@
Isskoohtsi%%Long_ago ka%%?
a%%DUR ikkam%%quickly sook%%suddenly sstonnat%%extremely sstoyi%%be_cold(VII) wa%%3SG
@EOS@%%@EOS@
ann%%DEM yi%%INSG ka%%OT
màat%%NEG omaa%%yet it%%there a%%DUR ihtsii%%exist(VII) wa%%3SG
paapó'sin%%electricity yi%%INSG
@EOS@%%@EOS@
a%%DUR ohkohtaa%%gather_firewood(VAI) yi=aawa%%3PL=3PLPRO =aawa%%=3PLPRO
@EOS@%%@EOS@
a%%DUR ikahksiststaki%%saw(VAI) yi=aawa%%3PL=3PLPRO =aawa%%=3PLPRO
@EOS@%%@EOS@
matt%%also a%%DUR ohpommaa%%buy(VAI) wa%%3SG
sikoohkotok%%coal i%%NSPEC
@EOS@%%@EOS@
sstóyii%%Be_cold(VII) si%%21:CONJ
n%%1 ookówa%%house nnaan%%1PL yi%%INSG
á%%DUR ipann%%over_night iksistoyi%%be_warm(VII) wa%%3SG
@EOS@%%@EOS@
ii%%IC ik%%very oka'p%%bad itapiiyi%%bepersonVAI hk%%HK
om%%DEM wa%%PROX
ninaa%%man wa%%PROX
@EOS@%%@EOS@
om%%DEM yi%%3'
omahk%%old (n)inaa%%man yi%%3'
ot%%33' waawa'k(imaa)%%hunt omo%%BENVTA ok%%INV ihk%%HK ayi%%3PRO
iinii%%buffalo
@EOS@%%@EOS@
ki%%CONJ
maat%%NEG a%%DUR ika%%share ksiiy%%? o%%TABEN yii%%3>4 hk%%HK a%%PROX
om%%DEM iksi%%PL
omahk%%old itapi%%person iksi%%PL
@EOS@%%@EOS@
ann%%DEM yi%%3' ayi%%VRB
a%%DUR im%%? isimi%%secretly oto%%gotodo oyiis(tot)o%%preparemealforVTA yii%%3>4 hk%%HK
ot%%3POSS itapi%%person m%%POSS iksi%%PL
@EOS@%%@EOS@
anniyai%%DEM
matt%%also iksistsiko%%day yi%%IN hk%%HK
om%%DEM wa%%PROX
omahk%%old (n)inaa%%man wa%%PROX
ii%%IC it%%LOC it%%LOC ohkoonimaa%%findVAI yi%%? hk%%HK
@EOS@%%@EOS@
katoyis%%bloodclot yi%%NP
om%%DEM yi%%IN
saokihtsi%%beprairieVAI
@EOS@%%@EOS@
ii%%IC it%%LOC waanist%%tellVTA yii%%3>4 hk%%HK
om%%DEM yi%%3'
w%%3POSS ippitaam%%elderlywife
@EOS@%%@EOS@
m%%3 aahk%%NONFACT iksistokomssaki%%heatwaterVAI ayi%%3PRO
aohkii%%water
om%%DEM yi%%3'
katoyis%%bloodclot yi%%3'
m%%3 aahk%%NONFACT oht%%RR sito%%???
koopskaan%%soup yi%%IN
@EOS@%%@EOS@
ot%%3 (s)aakot(si)%%boiloverVAI hsi%%CONJ
om%%DEM yi%%IN
aohkii%%water
@EOS@%%@EOS@
ann%%DEM wa%%PROX ya%%POSTINF ao'ka%%VX
K%%K
@EOS@%%@EOS@
ot%%3 a%%DUR itsiniko%%relatestorytoVTA i%%4:3 hsi%%CONJ
om%%DEM iksi%%PL
omahk%%old itapi%%people iksi%%PL
@EOS@%%@EOS@
m%%3 aanist%%MANNER oksistoto%%abuseVTA yii%%4:3 hp%%CONJNOM i%%IN
om%%DEM yi%%3'
w%%3POSS oiss(im)%%sil oaawa%%3PLPOSS yi%%3'
@EOS@%%@EOS@
ot%%3 a%%DUR ikamotsiipi%%bringtosafetyVTA a%%DIR hsi%%CONJ
om%%DEM iksi%%PL
omahk%%old itapi%%person iksi%%PL
@EOS@%%@EOS@
K%%K
ii%%IC it%%LOC omoht%%RR ap%%? a'p%%around a%%DUR waawahka%%walk atoo%%TI m%%3:IN ihk%%HK
anno%%DEM
kit%%2POSS awahsin%%territory nnoon%%21POSS yi%%IN
@EOS@%%@EOS@
ot%%3 a%%DUR iksist%%finish a'pii%%AI hsi%%CONJ
K%%K
@EOS@%%@EOS@
kit%%2POSS iihkawa%%relative nnoon%%21POSS wa%%PROX
maat%%NEG att%%again ai's%%? i'taki%%AI wa%%PROX
@EOS@%%@EOS@
omaahkaa%%travelbyhorseVAI i%%CONN stam%%just it%%LOC a'p%%around a%%DUR waawahka%%walkVAI n%%NOM yi%%IN
anno%%DEM
ksaahko%%land yi%%IN
@EOS@%%@EOS@
anno%%DEM ma%%STAT o'ka%%VRB
ksaahko%%land yi%%IN
iihtsipaitapiiyio'pa%%Creator
ii%%IC ohkot%%giveVTA ok%%INV i%%21 wa%%PROX
@EOS@%%@EOS@
K%%K
annohk%%now
ii%%IC it%%LOC a%%DUR yo'kaa%%sleepVAI ihk%%HK
om%%DEM istsi%%PL
Katoyissiksi%%SweetPineHills
@EOS@%%@EOS@
O%%O
n%%1 inn%%father (i)nnaan%%1PL wa%%3SG
spohtsim%%heaven
kit%%2 it%%there á%%DUR opii%%sit(VII)
@EOS@%%@EOS@
naato%%holy a'pii%%be(VII) :s%%2SG:3IMP
kit%%2 inihka'simi%%benamed
@EOS@%%@EOS@
kit%%2 ninaa%%chief yi%%be hsin%%NOM yi%%INSG
póóhsap%%tospkr oo%%go :s%%2SG:3IMP
@EOS@%%@EOS@
kot%%give(VTA) (o)k%%inv innaan%%1PL
anno%%DEM hka%%REL
ksiistsiko%%day yi%%INSG hka%%REL
nit%%1 owahsin%%food (i)nnaan%%1PL istsi%%INPL
@EOS@%%@EOS@
ki%%and
miin%%NEG ohto%%close itskaa%%lookat t%%2SGIMP
n(i)%%1 saommit%%crooked itapi%%person yi%%be hsin%%NOM (i)nnaan%%1PL istsi%%INPL
@EOS@%%@EOS@
akaa%%of^old piikani%%Piegan wa%%3
om%%DEM yi%%3SGIN ma%%stat
ot%%3 it%%there isam%%long^time okonnayi%%camp(AI) hp%%CONJ:NOM yi%%3SGIN
ipakiyihksstsi%%move^from(VTI) m%%ti3/3'th wa%%3
@EOS@%%@EOS@
om%%DEM wa%%3
kipita%%old aaki%%woman wa%%3
niita'p%%really iik%%very ippita%%old aakii%%woman wa%%3
ot%%3 i%%pst onnohkatsimm%%find^burdensome(VTA) ok%%inv wa%%3(3'>3)
w%%3 oko's%%offspring iksi%%3PL
@EOS@%%@EOS@
o%%3 sotam%%just itskit%%leave(VTA) ok%%inv wa=aiksi%%3=3PL:PRO =aiksi%%=3PL:PRO
@EOS@%%@EOS@
noohk%%but it%%then ipowaoo%%arise(VAI) wa%%3
@EOS@%%@EOS@
iiht%%along sapoo%%follow(VTI) wa%%3
om%%DEM yi%%3SGin hka%%rel
pototsko%%trail yi%%3SGin
@EOS@%%@EOS@
a'%%inc isistsikoo%%tire(VAI) 's%%CONJ yi%%CONJ
it%%then ya%%DUR waawai'skapi%%crawl(VAI) wa%%3
w%%3 o'tsis%%hand istsi%%3PLin
ki%%and
w%%3 ottoksis%%knee iksi%%3PL
@EOS@%%@EOS@
om%%DEM wa%%3
sowoo%%war^party wa%%3
mamma'piS%%tipi^ring istsi%%3PLin
it%%then it%%there o'too%%arrive(VAI) wa%%3
@EOS@%%@EOS@
sotam%%just ohkatt%%also oht%%along sapoo%%follow(VTI) yi=aawa%%3PL=PL:PRO =aawa%%=PL:PRO
om%%DEM yi%%3SGin hka%%rel
pototsko%%trail yi%%3SGin
@EOS@%%@EOS@
om%%DEM wa%%3
soyiipihtsi%%leader wa%%3
a'%%inc waanit%%say^to(VTA) yii%%dir wa%%3(3>3')
amo%%DEM iksi%%3PL
ot%%3 iihkiwa%%companion iksi%%3PL
aahk%%might Ikkam%%fast oo%%go(VAI) o'pa%%21
ya%%DUR wawaatts%%move inaamm%%appear(VAI) wa%%3
om%%DEM3 wa%%3 hka%%rel
@EOS@%%@EOS@
ya%%DUR waawai'skapi%%crawl(VAI) yini%%3'
@EOS@%%@EOS@
a'%%inc waanit%%say^to(VTA) yii%%dir yi=aawa=ayi%%3PL=3PL:PRO=DTP:SG(3PL>3'SG) =ayi%%=DTP:SG(3PL>3'SG)
@EOS@%%@EOS@
tamayikinihka'saa%%poor^thing:voc
tsimahtawa%%where
noohk%%might ya%%DUR itapoo%%go^to(VAI) wahtaotsi%%3:unreal
@EOS@%%@EOS@
ot%%3 waanIt%%say^to(VTA) ok%%inv wa=ayi%%3=DTP:SG(3'>3) =ayi%%=DTP:SG(3'>3)
@EOS@%%@EOS@
n%%1 oko's%%offspring iksi%%3PL
nit%%1 itskit%%leave(VTA) ok%%inv yi%%3PL
@EOS@%%@EOS@
a'%%inc waanit%%say^to(VTA) yii%%dir wa%%3(3>3')
amo%%DEM iksi%%3PL
ot%%3 ohpokoom%%companion iksi%%3PL
@EOS@%%@EOS@
aahk%%unreal it%%there o'tsipi%%transport(VTA) a:%%dir wa%%3(21>3)
moyiS%%lodge istsi%%3PLIN
@EOS@%%@EOS@
it%%there o'tsipi%%bring(VTA) a:%%dir wa=ayi%%3=DTP:SG =ayi%%=DTP:SG
moyis%%lodge istsi%%3PLIN
@EOS@%%@EOS@
ot%%3 waanit%%say^to(VTA) ok%%inv wa=ayi%%3=DTP:SG(3'>3) =ayi%%=DTP:SG(3'>3)
om%%DEM wa%%3
soyipihtsi%%leader wa%%3
@EOS@%%@EOS@
n%%1 ohko%%son yii%%voc
nit%%1 ippita%%old aakii%%woman hsiN%%nom yi%%3SGIN
kit%%2 ohkot%%give(VTA) o%%1>2
@EOS@%%@EOS@
ki%%and
i'nimm%%be^with^at^the^death^of(VTA) yii%%dir yi%%3PL aawa=ayi%%3'=DTP:SG(3PL>3') =ayi%%=DTP:SG(3PL>3')
@EOS@%%@EOS@
ki%%and ann%%DEM yi%%3SGIN ma=ayi%%stat=DTP:SG =ayi%%=DTP:SG
iihkakotsi%%cease^boiling(ii) wa%%3SGIN
@EOS@%%@EOS@
Ayo%%Calling
iiht%%source ipaitapiiyi%%to_live(VAI) o'pi%%21
@EOS@%%@EOS@
Sspommo%%Help(VTA) s%%2SG>3:IMPV yi%%PL
ni(t)%%1 omohpapiyihp%%relative(NAD) innaan%%1PL iksi%%ANPL
@EOS@%%@EOS@
Noohk%%Please a%%DUR okamo't%%straight ipo'tsi%%let_go(VTI) t%%SG:IMPV
n%%1 omoht%%means a%%DUR waawahkaa%%walk(VAI) hp%%CN innaan%%1PL yi%%INANSG
@EOS@%%@EOS@
N%%1 aahk%%might ssaw%%NEG oohk%%contrary oht%%source a%%DUR yissini%%affect(VTA) ootsspinnaana%%xSUBJ>1PL
mak%%bad a'pii%%be(VII) yi%%INSG
@EOS@%%@EOS@
N%%1 aahk%%might a%%DUR ikamotaa%%escape(VAI) hp%%TH innaana%%1PL
@EOS@%%@EOS@
Aahk%%Might ssaw%%NEG a%%DUR ohkoiikii%%matter(VII) yi%%PL
n%%1 ooko(wa)%%home(NID) nnaan%%1PL istsi%%INANPL
@EOS@%%@EOS@
N%%1 aahk%%might noohk%%counter_expect a%%DUR ihtawa'pssi%%be_lucky(VAI) hp%%TH innaana%%1PL
@EOS@%%@EOS@
A%%DUR waatoy%%bless istotsi%%become_involved_in(VTI) t%%SG:IMPV
nit%%1 aak%%FUT oowatoo%%eat(VTI) 'p%%CN innaan%%1PL istsi%%INANPL
@EOS@%%@EOS@
n%%1 aahk%%might a%%DUR i'taam%%happy issk%%back o'too%%arrive(VAI) hpinnaana%%1PL
a'p%%incho a%%DUR omaahkaa%%travel_by_means(VAI) innaaniki%%1PL:SBJNCT
@EOS@%%@EOS@
Sspommoo%%Help(VTA) s%%2SG>3:IMPV
kana%%all itapi%%person wa%%3SG
@EOS@%%@EOS@
N%%1 aahk%%might sok%%good istawatsimaa%%raise(VAI) hpinnaana%%1PL
@EOS@%%@EOS@
N%%1 aahk%%might isam%%long ipaitapiiyi%%live(VAI) hpinnaan%%1PL
@EOS@%%@EOS@
Nit%%1 aak%%FUT oht%%about itsiniki%%tell(VAI)
omahk%%big isttsiiksiinaa%%snake iksi%%ANPL
@EOS@%%@EOS@
Nit%%1 iik%%very oht%%about aka%%many yaapi%%see(VAI) yi=aawa%%3PL=PRO =aawa%%=PRO
@EOS@%%@EOS@
N%%1 inn%%father wa%%3SG
iik%%very oht%%about aka%%many i’nikki%%make_a_kill(VAI) wa=aiksi%%3SG=PRO =aiksi%%=PRO
am%%DEM yi%%INSG
Pinaap%%east oohtsi%%location
@EOS@%%@EOS@
kii%%and
am%%DEM yi%%INSG
Piksiiksiina%%snake kaawahkó%%coulee yi%%INSG
@EOS@%%@EOS@
Amo%%DEM hka%%INVS
iit%%then i’nit%%kill(VTA) yii%%DIR wa%%3SG
ann%%DEM yi%%OBV hka%%INVS ayi%%VBLZ
omahka%%whole omahkimi%%be_big(VAI) yini%%4SG
@EOS@%%@EOS@
Iit%%then i’yinn%%skin(VTA) yii%%DIR wa=ayi%%3SG=PRO =ayi%%=PRO
@EOS@%%@EOS@
Kii%%and
iit%%then itohkit%%on saipsst%%stretch&stake_hide(VTA) a%%TATH yii%%DIR wa=ayi%%3SG=PRO =ayi%%=PRO
am%%DEM yi%%OBV ayi%%VBLZ
apaksísttohksiksiS%%board wa%%3SG
@EOS@%%@EOS@
Ayaak%%IMMFUT ohkot%%give_to(VTA) yii%%DIR wa=ayi%%3SG=PRO =ayi%%=PRO
ann%%DEM yi%%OBV hka%%INVS ayi%%VBLZ
náápiikoan%%white_man Ø%%be yini%%OBV
@EOS@%%@EOS@
ii%%PST ohkitopii%%ride_on_horseback(VAI) wa%%3SG
ot%%3 á%%DUR itap%%toward omááhkaa%%travel_by_means(VAI) n%%NOM yi%%INSG
@EOS@%%@EOS@
am%%DEM yi%%OBV
naapiikoan%%white_man yi%%OBV
ookoowaa%%house yi%%INSG
@EOS@%%@EOS@
maat%%NEG ohkoono%%find(VTA) yii%%DIR wa%%3SG aatsi%%NONAFFIRM
am%%DEM yi%%OBV
motokis%%skin yi%%OBV
@EOS@%%@EOS@
am%%DEM wa%%3SG
omahk%%big isttsiiksiinaa%%snake wa%%3SG
a’%%INCHO inap%%sense i’taki%%feel(VAI) si%%3SG:SBJNCT
@EOS@%%@EOS@
omahk%%big isttsiiksiinaa%%snake iksi%%ANPL
iik%%very í’sskaana’pssi%%be_dangerous(VAI) yi%%3PL
@EOS@%%@EOS@
ki%%and ann%%DEM wa%%3SG yi%%be
n%%1 aanist%%manner oht%%about itsiniki%%tell_story(VAI)
omahk%%big isttsiiksiinaa%%snake iksi%%ANPL
@EOS@%%@EOS@
iik%%very waakkawoo%%be_many(VII) yi%%3PL
ot%%3 istotsi%%become_involved_in(VTI) 'p%%CN istsi%%INANPL
@EOS@%%@EOS@
Iik%%very i'nakstssi%%be_young(VAI) mm%%3mm wa%%3SG
ot%%3SG a'%%INCHO omatap%%start a'po'taki%%work(VAI) hs%%CONJ yi%%CONJ
@EOS@%%@EOS@
iik%%very sskonata'pssi%%be_industrious(VAI) wa%%3SG
@EOS@%%@EOS@
n%%1 aanist%%manner ssksino%%know(VTA) a%%DIR wa%%3SGOBJ
m%%3 aahk%%may aisskahs%%always a'po'taki%%work(VAI) hs%%CONJ yi%%CONJ
@EOS@%%@EOS@
nit%%1 aisskahs%%always a%%DUR ohko%%have_the_wherewithal ooyi'ko%%provide_food_for(VTA) ok%%INV innaan%%1PL wa%%3SG
@EOS@%%@EOS@
Anni%%DEM i%%OT
kaisskoohtsik%%longago wa%%3SG
niita'p%%truly iiyikoo%%behard(VII) wa%%3SG
@EOS@%%@EOS@
nit%%1 ssksino%%know(VTA) a%%DIR wa%%3SG
ot%%3 sska'%%very ii%%PST sopoya'pssi%%bemeticulous(VAI) hs%%CONJ yi%%CONJ
@EOS@%%@EOS@
nit%%1 it%%there yiikano%%resemble(VTA) a%%DIR nnaan%%1PL wa%%3SG
@EOS@%%@EOS@
nit%%1 it%%then ssksinima'tsi%%teach(VTA) ok%%INV innaan%%1PL wa%%3SG
n%%1 aahk%%might a%%DUR iksikki'tsi%%care_for(VTI) hs%%CONJ innaan%%1PL yi%%CONJ
n%%1 itsstakssiN%%possession* innaan%%1PL istsi%%INPL
@EOS@%%@EOS@
w%%3SG iisto%%PRO yi%%OBV
i'tsini%%everything iksikki'tsi%%take_care_of(VTI) m%%TITH wa%%3SG
@EOS@%%@EOS@
aak%%FUT it%%then itstsii%%be(VII) 'pai%%xPAST o'too%%arrive(VAI) ii%%?? yi%%3PL?
aak%%FUT yiiso%%feed(VTA) ii%%DIR wa=aiksi%%3SG=PROANPL =aiksi%%=PROANPL
@EOS@%%@EOS@
aanist%%manner a'pssi%%be(VAI) wa%%3SG
a%%DUR sok%%good itsiniki%%tell_a_story(VAI) wa%%3SG
@EOS@%%@EOS@
iistotsi%%PASTbe_good_at(VTI) m%%TITH wa%%3SG
aka%%olden itapiiyi%%people yi%%3'
ot%%3 a%%DUR istotsi%%be_good_at(VTI) hp%%CN yi%%INSG
@EOS@%%@EOS@
aak%%FUT it%%then itap%%toward oo%%go(VAI) wa%%3SG
n%%1 iksissts%%mother yio%%3'3 ksissts%%mother yi%%3'
@EOS@%%@EOS@
a%%DUR sstoyísat%%be_shy_around(VTA) tsiiyi=yaawa%%RECIP(AI)=PLPRO =yaawa%%=PLPRO
@EOS@%%@EOS@
si'káán%%blanket yi%%INSG
aak%%FUT it%%then soksisstoo%%hang(VTI) akio%%?? 'p%%x wa%%3SG
@EOS@%%@EOS@
Maat%%NEG yaak%%FUT a%%DUR ssamm%%lookat(VTA) o:tsiiyi=(w)aiksi=aawa%%RECIP(AI)=DTPANPL=PLPRO =aawa%%=PLPRO
@EOS@%%@EOS@
Maat%%NEG a%%DUR sitsipssat%%talk_to(VTA) o:tsiiyi=(w)aiksa=aawa%%RECIP(AI)=DTPANPL=PLPRO =aawa%%=PLPRO
@EOS@%%@EOS@
Iik%%very inii'pokaa%%be_spoiled(VAI) wa%%3SG
@EOS@%%@EOS@
Ot%%3 saaki%%still a%%DUR i'nakstssi%%be_young(VAI) hs%%CONJ yi%%CONJ
it%%then (w)ayak%%both i'ni=aiksi%%die(VAI)=DTPANPL =aiksi%%=DTPANPL
@EOS@%%@EOS@
Áísooka%%formerly waanii%%say(VAI) wa%%3SG
nit%%1 it%%then immaksi'ni%%become_orphaned_at_young_age(VAI)
@EOS@%%@EOS@
Iit%%then oto%%go aissksinima'tsaa%%student(NAN) Ø%%be(formsVAI) wa%%3SG
@EOS@%%@EOS@
Iiht%%sourceRR saksi%%leave(VAI) wa%%3SG
nioókska%%three isskskoi'p%%place_in_sequence(NIN) yi%%INSG
@EOS@%%@EOS@
Ann%%DEM yi%%INSG ma%%STAT yi%%be
nit%%1 yaak%%FUT ika'%%for_now ohko%%have_the_wherewithal_for itsinikat%%tell_story_about(VTA) a%%DIR wa%%3S
@EOS@%%@EOS@
Oki%%Well
anno%%DEM hka%%invs
anist%%manner a'pii%%be(VII) wa%%SG
August%%August
2008%%2008
@EOS@%%@EOS@
Nit%%1 aak%%FUT oht%%about i'poyi%%talk(VAI)
n%%1 inn%%father wa%%ANSG
aka%%many ohkitopii%%ride_on_horseback(VAI) wa%%3SG
@EOS@%%@EOS@
w%%3 inn%%father yi%%4SG
waanist%%say_st(VTA) aayini%%x>4SG
ipii%%far a%%DUR iksspito%%shoot_in_head(VTA) a%%DIR yi%%4SG
@EOS@%%@EOS@
ot%%3 ohkiimaan%%wife wa%%4SG
issit%%wrapped_like_a_baby aakii%%woman
@EOS@%%@EOS@
w%%3 oko's%%child iksi%%ANPL
iik%%very waaka%%many itapii%%be_person(VAI) yi%%3PL
@EOS@%%@EOS@
N%%1 iisto%%pro wa%%ANSG
ikkinna%%gentle inihki%%sing(VAI)
nit%%1 it%%then ohkana%%all omahksim%%be_older_than(VTA) a%%DIR yi=aawa%%PL=PRO =aawa%%=PRO
@EOS@%%@EOS@
n%%1 inn%%father wa%%ANSG
iik%%very yaahs%%kind itapii%%be¬_person(VAI) wa%%3SG
@EOS@%%@EOS@
Iika%%PERF ikimm%%be_kind_to(VTA) yii%%DIR wa%%3SG>4PL
matapi%%person iksi%%ANPL
@EOS@%%@EOS@
I'tsini%%Everything ikimm%%be_kind_to(VTA) yii%%DIR wa%%3SG>4PL
@EOS@%%@EOS@
Matt%%Also a%%DUR sska'%%very ikimm%%be_kind_to(VTA) yii%%DIR wa%%3SG>4PL
w%%3 ota's%%horse iksi%%ANPL
@EOS@%%@EOS@
Aisskahs%%Always a'p%%PREF a%%DUR o'taki%%work(VAI) wa%%3SG
@EOS@%%@EOS@
Iik%%Very iiyiko%%be_hard(VII) wayi%%3SGPRO
@EOS@%%@EOS@
a%%DUR ohkitopii%%ride_on_horseback(VAI) wa%%3SG
@EOS@%%@EOS@
n%%1 aaahs%%grandmother wa%%3SG
a%%DUR ikaa%%PERF it%%then a%%DUR yoohkimaa%%wait(VAI) wa%%3SG
aahkiaap%%homeward oohtsi%%direction
@EOS@%%@EOS@
Iit%%Then a%%DUR omatap%%start yiitsittsimaa%%cut_meat_for_drying(VAI) wa%%3SG
@EOS@%%@EOS@
N%%1 aaahs%%grandmother wa%%3SG
nit%%1 a%%DUR it%%then aka%%many ohkayiis%%dried_meat im%%POSS sko%%? ok%%TH? innaana%%1PL
@EOS@%%@EOS@
n%%1 inn%%father wa%%3SG
iit%%then ipokaawa'si%%be_born(VAI) wa%%3SG
1910%%1910
iit%%then i'ni%%die(VAI) wa%%3SG
1971%%1971
@EOS@%%@EOS@
n%%1 inn%%father a%%3SG
ki%%and
n%%1 iksisst%%mother wa%%3SG
niisiikopoto%%fourteen iitapii%%be_person(VAI) yi%%PL
w%%3 oko's%%offspring oaawa%%3PL iksi%%ANPL
@EOS@%%@EOS@
nit%%1 iik%%very a%%DUR yááhs%%enjoy oowato%%eat(VTI) 'pinnaan%%1PL yi%%3PLOBJ
o%%3 niitá'p%%real ihkiitaan%%cooking istsi%%INPL
@EOS@%%@EOS@
ni%%1 niit%%really omi%%still a%%DUR yoohtoow%%hear(VTA) a%%DIR nnaan%%1PL wa%%3SGOBJ
amóo%%DEM hka%%INVS
á%%DUR waasái'ni%%cry(VAI) wa%%3SG hka%%INVS
@EOS@%%@EOS@
nit%%1 it%%there ipii%%enter(VAI) hpinnaan%%1PL
@EOS@%%@EOS@
ann%%DEM yi%%INSG yi%%VRBLZR
aapinákoS%%tomorrow yi%%INSG
n%%1 inn%%father wa%%3SG
nit%%1 it%%then sopowahtsi'sat%%inquire(VTA) ok%%INV wa%%3SG
@EOS@%%@EOS@
yáak%%FUT ohkana%%all naato%%sacred a'pistoto%%make(VTA) aayi=aawa%%X>PLAN=3PLPRO =aawa%%=3PLPRO
anno%%DEM
ksistsikó%%day yi%%SGIN
@EOS@%%@EOS@
it%%LOC ino%%see(VTA) oohsi%%REFL wa%%3SG
maat%%NEG yook%%typical sok%%good istotoohsi%%beclothed(VAI) wa%%3SG
@EOS@%%@EOS@
ann%%DEM wa%%3SGAN
aakíí%%woman wa%%3SGAN
it%%LOC ohkona%%all ssamm%%look(VTA) yiiwa%%3SG>3'
@EOS@%%@EOS@
it%%LOC oto%%goto sspisao'to%%pick(VTA) yiiwa=áyi%%3SG>3'=3'SGPRO =áyi%%=3'SGPRO
@EOS@%%@EOS@
iik%%INT sstat%%fine inááttsi%%appear(VII) wa%%3SG
ot%%3POSS immoyi%%hairy isttsomo'kaan%%hat yi%%SGIN
@EOS@%%@EOS@
iik%%INT sstaa%%want(VAI) wa%%3SG
m%%3 ááhk%%NFACT ohko%%havefor ohkiimi%%havewife hsi%%CONJ
@EOS@%%@EOS@
it%%LOC waanist%%tell(VTA) yiiwa%%3SG>3'
ann%%DEM iksi%%PLAN
miin%%NEG matt%%other ohtsikii%%care(VAI) k%%2PLIMP
@EOS@%%@EOS@
maat%%NEG ohko%%havefor sspiisao'to%%pick(VAI) aawa%%X>3SG
@EOS@%%@EOS@
Isskoohtsik%%Past wa%%SG
a%%DUR ohkana%%all iitsi'poyi%%speak_Bkft(VAI) o'pa%%21
@EOS@%%@EOS@
n%%1 inn%%father wa%%3SG
kii%%and
n%%1 iksísst%%mother wa%%3SG
a%%DUR sopowatsistotoohsi%%prepare_oneself(VAI) yi=aawa%%3PL=3PLPRO =aawa%%=3PLPRO
saw%%NEG oma%%yet sstoyii%%be_cold(VII) isi%%3PLSBJV
@EOS@%%@EOS@
om%%DEM yi%%3'
isstohkana%%most i'nakstssi%%beyoungVAI m%%NOM
w%%3POSS itan%%daughter oaawa%%3PLPOSS yi%%3'
@EOS@%%@EOS@
mattsii%%andthen it%%LOC a%%DUR ikamotsiipi%%bringtosafetyVTA yii%%3>4 hk%%HK
anno%%DEM
kit%%2POSS iihkawa%%relative innoon%%21POSS
@EOS@%%@EOS@
noohk%%please aanist%%manner o'tsi%%take t%%2SGIMP
anno%%DEM ma%%STAT
spohtsim%%heaven
w%%3 aanists%%how yi%%be hp%%NOM yi%%INSG
@EOS@%%@EOS@
ki%%and issoohtsi%%ahead hka%%rel
it%%there inii%%see(VTI) mm%%th yi=aawa%%3PL=PL:PRO =aawa%%=PL:PRO
om%%DEM yi%%3SGIN hka%%rel
siksinaattsi%%black(ii) wa%%3SGIN
@EOS@%%@EOS@
aahk%%unreal a%%DUR waahto%%each simaatam%%carry^on^back(VTA) a:%%dir wa%%3(21>3)
@EOS@%%@EOS@
ot%%3 a’%%INCHO ihkssoyi%%dry(VAI) his%%3SG:CONJ ayi%%3PRO
iit%%then omoon%%roll_up(VTA) yii%%DIR wa=ayi%%3SG=PRO =ayi%%=PRO
@EOS@%%@EOS@
aisskahs%%always a'po'taki%%work(VAI) wa%%3SG
@EOS@%%@EOS@
n%%1 inn%%father wa%%3SG
ot%%3 iik%%very a%%DUR iksimatsimm%%appreciate(VTA) ok%%INV wa%%3SG(4>3)
matapi%%person iksi%%ANPL
@EOS@%%@EOS@
w%%3 iksisst%%mother yi%%4SG
waanist%%say_st(VTA) aayini%%x>4SG
saommit%%variable ikkana%%glitter(VAI) yi%%4SG
@EOS@%%@EOS@
It%%Then itapiiyi%%live(VAI) wa%%3SG
ot%%3SG it%%then sa%%NEG oma%%yet it%%there a%%DUR ihtsii%%be(VII) hp%%CN yi%%INSG
paapo'sin%%electricity yi%%INSG
@EOS@%%@EOS@